This is pdfTeX, Version 3.14159265-2.6-1.40.16 (TeX Live 2015/Debian) (preloaded format=pdflatex 2018.10.31)  17 DEC 2018 08:58
entering extended mode
 restricted \write18 enabled.
 %&-line parsing enabled.
**masters-thesis.tex
(./masters-thesis.tex
LaTeX2e <2016/02/01>
Babel <3.9q> and hyphenation patterns for 81 language(s) loaded.
(./nuthesis.cls
Document Class: nuthesis 2017/04/24 v1.16b by Miguel A. Lerma
(/usr/share/texlive/texmf-dist/tex/latex/amscls/amsbook.cls
Document Class: amsbook 2015/03/04 v2.20.2
\linespacing=\dimen102
\normalparindent=\dimen103
\normaltopskip=\skip41
(/usr/share/texlive/texmf-dist/tex/latex/amsmath/amsmath.sty
Package: amsmath 2016/03/03 v2.15a AMS math features
\@mathmargin=\skip42

For additional information on amsmath, use the `?' option.
(/usr/share/texlive/texmf-dist/tex/latex/amsmath/amstext.sty
Package: amstext 2000/06/29 v2.01 AMS text

(/usr/share/texlive/texmf-dist/tex/latex/amsmath/amsgen.sty
File: amsgen.sty 1999/11/30 v2.0 generic functions
\@emptytoks=\toks14
\ex@=\dimen104
))
(/usr/share/texlive/texmf-dist/tex/latex/amsmath/amsbsy.sty
Package: amsbsy 1999/11/29 v1.2d Bold Symbols
\pmbraise@=\dimen105
)
(/usr/share/texlive/texmf-dist/tex/latex/amsmath/amsopn.sty
Package: amsopn 1999/12/14 v2.01 operator names
)
\inf@bad=\count79
LaTeX Info: Redefining \frac on input line 199.
\uproot@=\count80
\leftroot@=\count81
LaTeX Info: Redefining \overline on input line 297.
\classnum@=\count82
\DOTSCASE@=\count83
LaTeX Info: Redefining \ldots on input line 394.
LaTeX Info: Redefining \dots on input line 397.
LaTeX Info: Redefining \cdots on input line 518.
\Mathstrutbox@=\box26
\strutbox@=\box27
\big@size=\dimen106
LaTeX Font Info:    Redeclaring font encoding OML on input line 630.
LaTeX Font Info:    Redeclaring font encoding OMS on input line 631.
\macc@depth=\count84
\c@MaxMatrixCols=\count85
\dotsspace@=\muskip10
\c@parentequation=\count86
\dspbrk@lvl=\count87
\tag@help=\toks15
\row@=\count88
\column@=\count89
\maxfields@=\count90
\andhelp@=\toks16
\eqnshift@=\dimen107
\alignsep@=\dimen108
\tagshift@=\dimen109
\tagwidth@=\dimen110
\totwidth@=\dimen111
\lineht@=\dimen112
\@envbody=\toks17
\multlinegap=\skip43
\multlinetaggap=\skip44
\mathdisplay@stack=\toks18
LaTeX Info: Redefining \[ on input line 2735.
LaTeX Info: Redefining \] on input line 2736.
)
LaTeX Font Info:    Try loading font information for U+msa on input line 367.

(/usr/share/texlive/texmf-dist/tex/latex/amsfonts/umsa.fd
File: umsa.fd 2013/01/14 v3.01 AMS symbols A
)
(/usr/share/texlive/texmf-dist/tex/latex/amsfonts/amsfonts.sty
Package: amsfonts 2013/01/14 v3.01 Basic AMSFonts support
\symAMSa=\mathgroup4
\symAMSb=\mathgroup5
LaTeX Font Info:    Overwriting math alphabet `\mathfrak' in version `bold'
(Font)                  U/euf/m/n --> U/euf/b/n on input line 106.
)
\copyins=\insert199
\abstractbox=\box28
\listisep=\skip45
\c@part=\count91
\c@chapter=\count92
\c@section=\count93
\c@subsection=\count94
\c@subsubsection=\count95
\c@paragraph=\count96
\c@subparagraph=\count97
\c@figure=\count98
\c@table=\count99
\abovecaptionskip=\skip46
\belowcaptionskip=\skip47
\captionindent=\dimen113
\thm@style=\toks19
\thm@bodyfont=\toks20
\thm@headfont=\toks21
\thm@notefont=\toks22
\thm@headpunct=\toks23
\thm@preskip=\skip48
\thm@postskip=\skip49
\thm@headsep=\skip50
\dth@everypar=\toks24
)
(/usr/share/texlive/texmf-dist/tex/latex/setspace/setspace.sty
Package: setspace 2011/12/19 v6.7a set line spacing
)
(/usr/share/texlive/texmf-dist/tex/latex/hyperref/hyperref.sty
Package: hyperref 2012/11/06 v6.83m Hypertext links for LaTeX

(/usr/share/texlive/texmf-dist/tex/generic/oberdiek/hobsub-hyperref.sty
Package: hobsub-hyperref 2012/05/28 v1.13 Bundle oberdiek, subset hyperref (HO)


(/usr/share/texlive/texmf-dist/tex/generic/oberdiek/hobsub-generic.sty
Package: hobsub-generic 2012/05/28 v1.13 Bundle oberdiek, subset generic (HO)
Package: hobsub 2012/05/28 v1.13 Construct package bundles (HO)
Package: infwarerr 2010/04/08 v1.3 Providing info/warning/error messages (HO)
Package: ltxcmds 2011/11/09 v1.22 LaTeX kernel commands for general use (HO)
Package: ifluatex 2010/03/01 v1.3 Provides the ifluatex switch (HO)
Package ifluatex Info: LuaTeX not detected.
Package: ifvtex 2010/03/01 v1.5 Detect VTeX and its facilities (HO)
Package ifvtex Info: VTeX not detected.
Package: intcalc 2007/09/27 v1.1 Expandable calculations with integers (HO)
Package: ifpdf 2011/01/30 v2.3 Provides the ifpdf switch (HO)
Package ifpdf Info: pdfTeX in PDF mode is detected.
Package: etexcmds 2011/02/16 v1.5 Avoid name clashes with e-TeX commands (HO)
Package etexcmds Info: Could not find \expanded.
(etexcmds)             That can mean that you are not using pdfTeX 1.50 or
(etexcmds)             that some package has redefined \expanded.
(etexcmds)             In the latter case, load this package earlier.
Package: kvsetkeys 2012/04/25 v1.16 Key value parser (HO)
Package: kvdefinekeys 2011/04/07 v1.3 Define keys (HO)
Package: pdftexcmds 2011/11/29 v0.20 Utility functions of pdfTeX for LuaTeX (HO
)
Package pdftexcmds Info: LuaTeX not detected.
Package pdftexcmds Info: \pdf@primitive is available.
Package pdftexcmds Info: \pdf@ifprimitive is available.
Package pdftexcmds Info: \pdfdraftmode found.
Package: pdfescape 2011/11/25 v1.13 Implements pdfTeX's escape features (HO)
Package: bigintcalc 2012/04/08 v1.3 Expandable calculations on big integers (HO
)
Package: bitset 2011/01/30 v1.1 Handle bit-vector datatype (HO)
Package: uniquecounter 2011/01/30 v1.2 Provide unlimited unique counter (HO)
)
Package hobsub Info: Skipping package `hobsub' (already loaded).
Package: letltxmacro 2010/09/02 v1.4 Let assignment for LaTeX macros (HO)
Package: hopatch 2012/05/28 v1.2 Wrapper for package hooks (HO)
Package: xcolor-patch 2011/01/30 xcolor patch
Package: atveryend 2011/06/30 v1.8 Hooks at the very end of document (HO)
Package atveryend Info: \enddocument detected (standard20110627).
Package: atbegshi 2011/10/05 v1.16 At begin shipout hook (HO)
Package: refcount 2011/10/16 v3.4 Data extraction from label references (HO)
Package: hycolor 2011/01/30 v1.7 Color options for hyperref/bookmark (HO)
)
(/usr/share/texlive/texmf-dist/tex/latex/graphics/keyval.sty
Package: keyval 2014/10/28 v1.15 key=value parser (DPC)
\KV@toks@=\toks25
)
(/usr/share/texlive/texmf-dist/tex/generic/ifxetex/ifxetex.sty
Package: ifxetex 2010/09/12 v0.6 Provides ifxetex conditional
)
(/usr/share/texlive/texmf-dist/tex/latex/oberdiek/auxhook.sty
Package: auxhook 2011/03/04 v1.3 Hooks for auxiliary files (HO)
)
(/usr/share/texlive/texmf-dist/tex/latex/oberdiek/kvoptions.sty
Package: kvoptions 2011/06/30 v3.11 Key value format for package options (HO)
)
\@linkdim=\dimen114
\Hy@linkcounter=\count100
\Hy@pagecounter=\count101

(/usr/share/texlive/texmf-dist/tex/latex/hyperref/pd1enc.def
File: pd1enc.def 2012/11/06 v6.83m Hyperref: PDFDocEncoding definition (HO)
)
\Hy@SavedSpaceFactor=\count102

(/usr/share/texlive/texmf-dist/tex/latex/latexconfig/hyperref.cfg
File: hyperref.cfg 2002/06/06 v1.2 hyperref configuration of TeXLive
)
Package hyperref Info: Option `bookmarks' set `true' on input line 4319.
Package hyperref Info: Option `bookmarksopen' set `true' on input line 4319.
Package hyperref Info: Option `plainpages' set `false' on input line 4319.
Package hyperref Info: Option `pdfpagelabels' set `true' on input line 4319.


Package hyperref Warning: Option `letterpaper' is no longer used.

Package hyperref Info: Option `breaklinks' set `true' on input line 4319.
Package hyperref Info: Hyper figures OFF on input line 4443.
Package hyperref Info: Link nesting OFF on input line 4448.
Package hyperref Info: Hyper index ON on input line 4451.
Package hyperref Info: Plain pages OFF on input line 4458.
Package hyperref Info: Backreferencing OFF on input line 4463.
Package hyperref Info: Implicit mode ON; LaTeX internals redefined.
Package hyperref Info: Bookmarks ON on input line 4688.
\c@Hy@tempcnt=\count103
(/usr/share/texlive/texmf-dist/tex/latex/url/url.sty
\Urlmuskip=\muskip11
Package: url 2013/09/16  ver 3.4  Verb mode for urls, etc.
)
LaTeX Info: Redefining \url on input line 5041.
\XeTeXLinkMargin=\dimen115
\Fld@menulength=\count104
\Field@Width=\dimen116
\Fld@charsize=\dimen117
Package hyperref Info: Hyper figures OFF on input line 6295.
Package hyperref Info: Link nesting OFF on input line 6300.
Package hyperref Info: Hyper index ON on input line 6303.
Package hyperref Info: backreferencing OFF on input line 6310.
Package hyperref Info: Link coloring OFF on input line 6315.
Package hyperref Info: Link coloring with OCG OFF on input line 6320.
Package hyperref Info: PDF/A mode OFF on input line 6325.
LaTeX Info: Redefining \ref on input line 6365.
LaTeX Info: Redefining \pageref on input line 6369.
\Hy@abspage=\count105
\c@Item=\count106
\c@Hfootnote=\count107
)

Package hyperref Message: Driver (autodetected): hpdftex.

(/usr/share/texlive/texmf-dist/tex/latex/hyperref/hpdftex.def
File: hpdftex.def 2012/11/06 v6.83m Hyperref driver for pdfTeX
\Fld@listcount=\count108
\c@bookmark@seq@number=\count109

(/usr/share/texlive/texmf-dist/tex/latex/oberdiek/rerunfilecheck.sty
Package: rerunfilecheck 2011/04/15 v1.7 Rerun checks for auxiliary files (HO)
Package uniquecounter Info: New unique counter `rerunfilecheck' on input line 2
82.
)
\Hy@SectionHShift=\skip51
)
\c@scheme=\count110
)
(/usr/share/texlive/texmf-dist/tex/latex/graphics/graphicx.sty
Package: graphicx 2014/10/28 v1.0g Enhanced LaTeX Graphics (DPC,SPQR)

(/usr/share/texlive/texmf-dist/tex/latex/graphics/graphics.sty
Package: graphics 2016/01/03 v1.0q Standard LaTeX Graphics (DPC,SPQR)

(/usr/share/texlive/texmf-dist/tex/latex/graphics/trig.sty
Package: trig 2016/01/03 v1.10 sin cos tan (DPC)
)
(/usr/share/texlive/texmf-dist/tex/latex/latexconfig/graphics.cfg
File: graphics.cfg 2010/04/23 v1.9 graphics configuration of TeX Live
)
Package graphics Info: Driver file: pdftex.def on input line 95.

(/usr/share/texlive/texmf-dist/tex/latex/pdftex-def/pdftex.def
File: pdftex.def 2011/05/27 v0.06d Graphics/color for pdfTeX
\Gread@gobject=\count111
))
\Gin@req@height=\dimen118
\Gin@req@width=\dimen119
)
(/usr/share/texlive/texmf-dist/tex/latex/algorithmicx/algpseudocode.sty
Package: algpseudocode 

(/usr/share/texlive/texmf-dist/tex/latex/base/ifthen.sty
Package: ifthen 2014/09/29 v1.1c Standard LaTeX ifthen package (DPC)
)
(/usr/share/texlive/texmf-dist/tex/latex/algorithmicx/algorithmicx.sty
Package: algorithmicx 2005/04/27 v1.2 Algorithmicx

Document Style algorithmicx 1.2 - a greatly improved `algorithmic' style
\c@ALG@line=\count112
\c@ALG@rem=\count113
\c@ALG@nested=\count114
\ALG@tlm=\skip52
\ALG@thistlm=\skip53
\c@ALG@Lnr=\count115
\c@ALG@blocknr=\count116
\c@ALG@storecount=\count117
\c@ALG@tmpcounter=\count118
\ALG@tmplength=\skip54
)
Document Style - pseudocode environments for use with the `algorithmicx' style
) (/usr/share/texlive/texmf-dist/tex/latex/algorithms/algorithm.sty
Package: algorithm 2009/08/24 v0.1 Document Style `algorithm' - floating enviro
nment

(/usr/share/texlive/texmf-dist/tex/latex/float/float.sty
Package: float 2001/11/08 v1.3d Float enhancements (AL)
\c@float@type=\count119
\float@exts=\toks26
\float@box=\box29
\@float@everytoks=\toks27
\@floatcapt=\box30
)
\@float@every@algorithm=\toks28
\c@algorithm=\count120
)
(/usr/share/texlive/texmf-dist/tex/latex/amsfonts/amssymb.sty
Package: amssymb 2013/01/14 v3.01 AMS font symbols
)
(/usr/share/texlive/texmf-dist/tex/latex/xcolor/xcolor.sty
Package: xcolor 2007/01/21 v2.11 LaTeX color extensions (UK)

(/usr/share/texlive/texmf-dist/tex/latex/latexconfig/color.cfg
File: color.cfg 2007/01/18 v1.5 color configuration of teTeX/TeXLive
)
Package xcolor Info: Driver file: pdftex.def on input line 225.
Package xcolor Info: Model `cmy' substituted by `cmy0' on input line 1337.
Package xcolor Info: Model `hsb' substituted by `rgb' on input line 1341.
Package xcolor Info: Model `RGB' extended on input line 1353.
Package xcolor Info: Model `HTML' substituted by `rgb' on input line 1355.
Package xcolor Info: Model `Hsb' substituted by `hsb' on input line 1356.
Package xcolor Info: Model `tHsb' substituted by `hsb' on input line 1357.
Package xcolor Info: Model `HSB' substituted by `hsb' on input line 1358.
Package xcolor Info: Model `Gray' substituted by `gray' on input line 1359.
Package xcolor Info: Model `wave' substituted by `hsb' on input line 1360.
)
(/usr/share/texlive/texmf-dist/tex/latex/multirow/multirow.sty
\bigstrutjot=\dimen120
)
(/usr/share/texlive/texmf-dist/tex/latex/tools/multicol.sty
Package: multicol 2015/08/19 v1.8n multicolumn formatting (FMi)
\c@tracingmulticols=\count121
\mult@box=\box31
\multicol@leftmargin=\dimen121
\c@unbalance=\count122
\c@collectmore=\count123
\doublecol@number=\count124
\multicoltolerance=\count125
\multicolpretolerance=\count126
\full@width=\dimen122
\page@free=\dimen123
\premulticols=\dimen124
\postmulticols=\dimen125
\multicolsep=\skip55
\multicolbaselineskip=\skip56
\partial@page=\box32
\last@line=\box33
\maxbalancingoverflow=\dimen126
\mult@rightbox=\box34
\mult@grightbox=\box35
\mult@gfirstbox=\box36
\mult@firstbox=\box37
\@tempa=\box38
\@tempa=\box39
\@tempa=\box40
\@tempa=\box41
\@tempa=\box42
\@tempa=\box43
\@tempa=\box44
\@tempa=\box45
\@tempa=\box46
\@tempa=\box47
\@tempa=\box48
\@tempa=\box49
\@tempa=\box50
\@tempa=\box51
\@tempa=\box52
\@tempa=\box53
\@tempa=\box54
\c@columnbadness=\count127
\c@finalcolumnbadness=\count128
\last@try=\dimen127
\multicolovershoot=\dimen128
\multicolundershoot=\dimen129
\mult@nat@firstbox=\box55
\colbreak@box=\box56
\mc@col@check@num=\count129
)
(/usr/share/texlive/texmf-dist/tex/latex/makecell/makecell.sty
Package: makecell 2009/08/03 V0.1e Managing of Tab Column Heads and Cells

(/usr/share/texlive/texmf-dist/tex/latex/tools/array.sty
Package: array 2014/10/28 v2.4c Tabular extension package (FMi)
\col@sep=\dimen130
\extrarowheight=\dimen131
\NC@list=\toks29
\extratabsurround=\skip57
\backup@length=\skip58
)
\rotheadsize=\dimen132
\c@nlinenum=\count130
\TeXr@lab=\toks30
)
(/usr/share/texlive/texmf-dist/tex/latex/caption/caption.sty
Package: caption 2016/02/21 v3.3-144 Customizing captions (AR)

(/usr/share/texlive/texmf-dist/tex/latex/caption/caption3.sty
Package: caption3 2016/02/04 v1.7-139 caption3 kernel (AR)
Package caption3 Info: TeX engine: e-TeX on input line 67.
\captionmargin=\dimen133
\captionmargin@=\dimen134
\captionwidth=\dimen135
\caption@tempdima=\dimen136
\caption@indent=\dimen137
\caption@parindent=\dimen138
\caption@hangindent=\dimen139
)
Package caption Info: AMS or SMF document class.
\c@ContinuedFloat=\count131
Package caption Info: float package is loaded.
Package caption Info: hyperref package is loaded.
)
(/usr/share/texlive/texmf-dist/tex/latex/caption/subcaption.sty
Package: subcaption 2016/02/20 v1.1-142 Sub-captions (AR)
\c@subfigure=\count132
\c@subtable=\count133
)
(/usr/share/texlive/texmf-dist/tex/latex/soul/soul.sty
Package: soul 2003/11/17 v2.4 letterspacing/underlining (mf)
\SOUL@word=\toks31
\SOUL@lasttoken=\toks32
\SOUL@cmds=\toks33
\SOUL@buffer=\toks34
\SOUL@token=\toks35
\SOUL@spaceskip=\skip59
\SOUL@ttwidth=\dimen140
\SOUL@uldp=\dimen141
\SOUL@ulht=\dimen142
)
\c@prop=\count134
 (./masters-thesis.aux)
\openout1 = `masters-thesis.aux'.

LaTeX Font Info:    Checking defaults for OML/cmm/m/it on input line 34.
LaTeX Font Info:    ... okay on input line 34.
LaTeX Font Info:    Checking defaults for T1/cmr/m/n on input line 34.
LaTeX Font Info:    ... okay on input line 34.
LaTeX Font Info:    Checking defaults for OT1/cmr/m/n on input line 34.
LaTeX Font Info:    ... okay on input line 34.
LaTeX Font Info:    Checking defaults for OMS/cmsy/m/n on input line 34.
LaTeX Font Info:    ... okay on input line 34.
LaTeX Font Info:    Checking defaults for OMX/cmex/m/n on input line 34.
LaTeX Font Info:    ... okay on input line 34.
LaTeX Font Info:    Checking defaults for U/cmr/m/n on input line 34.
LaTeX Font Info:    ... okay on input line 34.
LaTeX Font Info:    Checking defaults for PD1/pdf/m/n on input line 34.
LaTeX Font Info:    ... okay on input line 34.
LaTeX Font Info:    Try loading font information for U+msa on input line 34.

(/usr/share/texlive/texmf-dist/tex/latex/amsfonts/umsa.fd
File: umsa.fd 2013/01/14 v3.01 AMS symbols A
)
LaTeX Font Info:    Try loading font information for U+msb on input line 34.

(/usr/share/texlive/texmf-dist/tex/latex/amsfonts/umsb.fd
File: umsb.fd 2013/01/14 v3.01 AMS symbols B
)
\AtBeginShipoutBox=\box57
Package hyperref Info: Link coloring OFF on input line 34.

(/usr/share/texlive/texmf-dist/tex/latex/hyperref/nameref.sty
Package: nameref 2012/10/27 v2.43 Cross-referencing by name of section

(/usr/share/texlive/texmf-dist/tex/generic/oberdiek/gettitlestring.sty
Package: gettitlestring 2010/12/03 v1.4 Cleanup title references (HO)
)
\c@section@level=\count135
)
LaTeX Info: Redefining \ref on input line 34.
LaTeX Info: Redefining \pageref on input line 34.
LaTeX Info: Redefining \nameref on input line 34.

(./masters-thesis.out) (./masters-thesis.out)
\@outlinefile=\write3
\openout3 = `masters-thesis.out'.


(/usr/share/texlive/texmf-dist/tex/context/base/supp-pdf.mkii
[Loading MPS to PDF converter (version 2006.09.02).]
\scratchcounter=\count136
\scratchdimen=\dimen143
\scratchbox=\box58
\nofMPsegments=\count137
\nofMParguments=\count138
\everyMPshowfont=\toks36
\MPscratchCnt=\count139
\MPscratchDim=\dimen144
\MPnumerator=\count140
\makeMPintoPDFobject=\count141
\everyMPtoPDFconversion=\toks37
) (/usr/share/texlive/texmf-dist/tex/latex/oberdiek/epstopdf-base.sty
Package: epstopdf-base 2010/02/09 v2.5 Base part for package epstopdf

(/usr/share/texlive/texmf-dist/tex/latex/oberdiek/grfext.sty
Package: grfext 2010/08/19 v1.1 Manage graphics extensions (HO)
)
Package grfext Info: Graphics extension search list:
(grfext)             [.png,.pdf,.jpg,.mps,.jpeg,.jbig2,.jb2,.PNG,.PDF,.JPG,.JPE
G,.JBIG2,.JB2,.eps]
(grfext)             \AppendGraphicsExtensions on input line 452.

(/usr/share/texlive/texmf-dist/tex/latex/latexconfig/epstopdf-sys.cfg
File: epstopdf-sys.cfg 2010/07/13 v1.3 Configuration of (r)epstopdf for TeX Liv
e
))
Package caption Info: Begin \AtBeginDocument code.
Package caption Info: End \AtBeginDocument code.

[1





{/var/lib/texmf/fonts/map/pdftex/updmap/pdftex.map}]
LaTeX Font Info:    Try loading font information for OMS+cmr on input line 38.

(/usr/share/texlive/texmf-dist/tex/latex/base/omscmr.fd
File: omscmr.fd 2014/09/29 v2.5h Standard LaTeX font definitions
)
LaTeX Font Info:    Font shape `OMS/cmr/m/n' in size <12> not available
(Font)              Font shape `OMS/cmsy/m/n' tried instead on input line 38.
 [2


]
ABSTRACT
[3


] [4]
Acknowledgements
[5



]
Table of Contents
(./masters-thesis.toc [6



])
\tf@toc=\write4
\openout4 = `masters-thesis.toc'.

 [7]
List of Tables
(./masters-thesis.lot)
\tf@lot=\write5
\openout5 = `masters-thesis.lot'.

 [8



]
List of Figures
(./masters-thesis.lof
Underfull \vbox (badness 1742) has occurred while \output is active []

 [9



]
Underfull \vbox (badness 10000) has occurred while \output is active []

 [10]
Underfull \vbox (badness 10000) has occurred while \output is active []

 [11])
\tf@lof=\write6
\openout6 = `masters-thesis.lof'.


[12]
Chapter 1
(./chap1_intro.tex
Missing character: There is no â in font cmr12!
Missing character: There is no € in font cmr12!
Missing character: There is no ™ in font cmr12!

Underfull \vbox (badness 10000) has occurred while \output is active []

 [13


]
Underfull \vbox (badness 10000) has occurred while \output is active []

 [14]
Underfull \vbox (badness 10000) has occurred while \output is active []

 [15])
[16]
Chapter 2
(./chap3_methods.tex
Underfull \vbox (badness 10000) has occurred while \output is active []

 [17


]
<MDAconcept.pdf, id=368, 1199.68195pt x 1011.78pt>
File: MDAconcept.pdf Graphic file (type pdf)
 <use MDAconcept.pdf>
Package pdftex.def Info: MDAconcept.pdf used on input line 17.
(pdftex.def)             Requested size: 318.70944pt x 268.78427pt.


LaTeX Warning: `h' float specifier changed to `ht'.


Underfull \vbox (badness 10000) has occurred while \output is active []

 [18]
[19 <./MDAconcept.pdf>]
Package hyperref Info: bookmark level for unknown algorithm defaults to 0 on in
put line 55.


Package hyperref Warning: Ignoring empty anchor on input line 56.


Underfull \vbox (badness 10000) has occurred while \output is active []

 [20]
Overfull \vbox (14.97327pt too high) has occurred while \output is active []


[21] <cart-pend.pdf, id=430, 112.92188pt x 112.92188pt>
File: cart-pend.pdf Graphic file (type pdf)
 <use cart-pend.pdf>
Package pdftex.def Info: cart-pend.pdf used on input line 112.
(pdftex.def)             Requested size: 200.38417pt x 200.411pt.

<SLIP.pdf, id=431, 112.92188pt x 112.92188pt>
File: SLIP.pdf Graphic file (type pdf)
 <use SLIP.pdf>
Package pdftex.def Info: SLIP.pdf used on input line 115.
(pdftex.def)             Requested size: 200.38417pt x 200.411pt.
 [22 <./cart-pend.pdf> <./SLIP.pdf

pdfTeX warning: pdflatex (file ./SLIP.pdf): PDF inclusion: multiple pdfs with p
age group included in a single page
>] <cp_table.pdf, id=523, 163.61125pt x 106.3975pt>
File: cp_table.pdf Graphic file (type pdf)
 <use cp_table.pdf>
Package pdftex.def Info: cp_table.pdf used on input line 134.
(pdftex.def)             Requested size: 273.1835pt x 177.67018pt.
 [23 <./cp_table.pdf>]
Underfull \vbox (badness 10000) has occurred while \output is active []

 [24]
<SLIP_table2.pdf, id=561, 247.92625pt x 180.675pt>
File: SLIP_table2.pdf Graphic file (type pdf)
 <use SLIP_table2.pdf>
Package pdftex.def Info: SLIP_table2.pdf used on input line 175.
(pdftex.def)             Requested size: 273.1835pt x 199.09598pt.

[25 <./SLIP_table2.pdf>]
<NACT-userview-small.png, id=601, 353.1594pt x 385.44pt>
File: NACT-userview-small.png Graphic file (type png)

<use NACT-userview-small.png>
Package pdftex.def Info: NACT-userview-small.png used on input line 195.
(pdftex.def)             Requested size: 318.70944pt x 347.83969pt.


LaTeX Warning: `h' float specifier changed to `ht'.

[26] [27 <./NACT-userview-small.png>] [28]
<Exp_Protocol_MIG.pdf, id=624, 470.33345pt x 171.33781pt>
File: Exp_Protocol_MIG.pdf Graphic file (type pdf)

<use Exp_Protocol_MIG.pdf>
Package pdftex.def Info: Exp_Protocol_MIG.pdf used on input line 212.
(pdftex.def)             Requested size: 318.70944pt x 116.10555pt.
Package epstopdf Info: Source file: <ie_good_user_input.eps>
(epstopdf)                    date: 2018-11-14 20:12:12
(epstopdf)                    size: 276799 bytes
(epstopdf)             Output file: <ie_good_user_input-eps-converted-to.pdf>
(epstopdf)                    date: 2018-11-18 15:36:46
(epstopdf)                    size: 42737 bytes
(epstopdf)             Command: <repstopdf --outfile=ie_good_user_input-eps-con
verted-to.pdf ie_good_user_input.eps>
(epstopdf)             \includegraphics on input line 226.
Package epstopdf Info: Output file is already uptodate.


pdfTeX warning: pdflatex (file ./ie_good_user_input-eps-converted-to.pdf): PDF 
inclusion: found PDF version <1.7>, but at most version <1.5> allowed
<ie_good_user_input-eps-converted-to.pdf, id=625, 696.6025pt x 194.7275pt>
File: ie_good_user_input-eps-converted-to.pdf Graphic file (type pdf)

<use ie_good_user_input-eps-converted-to.pdf>
Package pdftex.def Info: ie_good_user_input-eps-converted-to.pdf used on input 
line 226.
(pdftex.def)             Requested size: 455.30121pt x 127.27556pt.
Package epstopdf Info: Source file: <ie_good_user_states.eps>
(epstopdf)                    date: 2018-11-14 20:12:12
(epstopdf)                    size: 454496 bytes
(epstopdf)             Output file: <ie_good_user_states-eps-converted-to.pdf>
(epstopdf)                    date: 2018-11-18 15:36:46
(epstopdf)                    size: 111973 bytes
(epstopdf)             Command: <repstopdf --outfile=ie_good_user_states-eps-co
nverted-to.pdf ie_good_user_states.eps>
(epstopdf)             \includegraphics on input line 227.
Package epstopdf Info: Output file is already uptodate.


pdfTeX warning: pdflatex (file ./ie_good_user_states-eps-converted-to.pdf): PDF
 inclusion: found PDF version <1.7>, but at most version <1.5> allowed
<ie_good_user_states-eps-converted-to.pdf, id=626, 696.6025pt x 194.7275pt>
File: ie_good_user_states-eps-converted-to.pdf Graphic file (type pdf)

<use ie_good_user_states-eps-converted-to.pdf>
Package pdftex.def Info: ie_good_user_states-eps-converted-to.pdf used on input
 line 227.
(pdftex.def)             Requested size: 455.30121pt x 127.27556pt.


LaTeX Warning: `!h' float specifier changed to `!ht'.

[29 <./Exp_Protocol_MIG.pdf>])
Underfull \vbox (badness 7869) has occurred while \output is active []

 [30 <./ie_good_user_input-eps-converted-to.pdf> <./ie_good_user_states-eps-con
verted-to.pdf>] [31]
Chapter 3
(./chap4_assistance.tex
Overfull \hbox (9.74693pt too wide) in paragraph at lines 76--77
[]\OT1/cmr/m/n/12 Experiments were com-pleted us-ing sim-u-lated users at-tempt
-ing the task of cart-pendulum
 []

Package epstopdf Info: Source file: <MC_states_1.eps>
(epstopdf)                    date: 2018-11-14 20:12:12
(epstopdf)                    size: 319737 bytes
(epstopdf)             Output file: <MC_states_1-eps-converted-to.pdf>
(epstopdf)                    date: 2018-11-18 15:36:47
(epstopdf)                    size: 112204 bytes
(epstopdf)             Command: <repstopdf --outfile=MC_states_1-eps-converted-
to.pdf MC_states_1.eps>
(epstopdf)             \includegraphics on input line 80.
Package epstopdf Info: Output file is already uptodate.


pdfTeX warning: pdflatex (file ./MC_states_1-eps-converted-to.pdf): PDF inclusi
on: found PDF version <1.7>, but at most version <1.5> allowed
<MC_states_1-eps-converted-to.pdf, id=672, 998.73125pt x 245.91875pt>
File: MC_states_1-eps-converted-to.pdf Graphic file (type pdf)

<use MC_states_1-eps-converted-to.pdf>
Package pdftex.def Info: MC_states_1-eps-converted-to.pdf used on input line 80
.
(pdftex.def)             Requested size: 455.30121pt x 112.10709pt.
Package epstopdf Info: Source file: <MC_control_1.eps>
(epstopdf)                    date: 2018-11-14 20:12:12
(epstopdf)                    size: 661771 bytes
(epstopdf)             Output file: <MC_control_1-eps-converted-to.pdf>
(epstopdf)                    date: 2018-11-18 15:36:48
(epstopdf)                    size: 50488 bytes
(epstopdf)             Command: <repstopdf --outfile=MC_control_1-eps-converted
-to.pdf MC_control_1.eps>
(epstopdf)             \includegraphics on input line 81.
Package epstopdf Info: Output file is already uptodate.


pdfTeX warning: pdflatex (file ./MC_control_1-eps-converted-to.pdf): PDF inclus
ion: found PDF version <1.7>, but at most version <1.5> allowed
<MC_control_1-eps-converted-to.pdf, id=673, 1002.74625pt x 251.94125pt>
File: MC_control_1-eps-converted-to.pdf Graphic file (type pdf)

<use MC_control_1-eps-converted-to.pdf>
Package pdftex.def Info: MC_control_1-eps-converted-to.pdf used on input line 8
1.
(pdftex.def)             Requested size: 455.30121pt x 114.3951pt.
Package epstopdf Info: Source file: <MC_angle_100.eps>
(epstopdf)                    date: 2018-11-14 20:12:12
(epstopdf)                    size: 92279 bytes
(epstopdf)             Output file: <MC_angle_100-eps-converted-to.pdf>
(epstopdf)                    date: 2018-11-18 15:36:48
(epstopdf)                    size: 88747 bytes
(epstopdf)             Command: <repstopdf --outfile=MC_angle_100-eps-converted
-to.pdf MC_angle_100.eps>
(epstopdf)             \includegraphics on input line 82.
Package epstopdf Info: Output file is already uptodate.


pdfTeX warning: pdflatex (file ./MC_angle_100-eps-converted-to.pdf): PDF inclus
ion: found PDF version <1.7>, but at most version <1.5> allowed
<MC_angle_100-eps-converted-to.pdf, id=674, 1004.75375pt x 251.94125pt>
File: MC_angle_100-eps-converted-to.pdf Graphic file (type pdf)

<use MC_angle_100-eps-converted-to.pdf>
Package pdftex.def Info: MC_angle_100-eps-converted-to.pdf used on input line 8
2.
(pdftex.def)             Requested size: 455.30121pt x 114.16443pt.
 [32


]
Underfull \vbox (badness 2310) has occurred while \output is active []

 [33 <./MC_states_1-eps-converted-to.pdf> <./MC_control_1-eps-converted-to.pdf>
 <./MC_angle_100-eps-converted-to.pdf>]
Package epstopdf Info: Source file: <SLIP_noise_states.eps>
(epstopdf)                    date: 2018-11-14 20:12:14
(epstopdf)                    size: 237267 bytes
(epstopdf)             Output file: <SLIP_noise_states-eps-converted-to.pdf>
(epstopdf)                    date: 2018-11-18 15:36:49
(epstopdf)                    size: 93349 bytes
(epstopdf)             Command: <repstopdf --outfile=SLIP_noise_states-eps-conv
erted-to.pdf SLIP_noise_states.eps>
(epstopdf)             \includegraphics on input line 104.
Package epstopdf Info: Output file is already uptodate.


pdfTeX warning: pdflatex (file ./SLIP_noise_states-eps-converted-to.pdf): PDF i
nclusion: found PDF version <1.7>, but at most version <1.5> allowed
<SLIP_noise_states-eps-converted-to.pdf, id=709, 1003.75pt x 250.9375pt>
File: SLIP_noise_states-eps-converted-to.pdf Graphic file (type pdf)

<use SLIP_noise_states-eps-converted-to.pdf>
Package pdftex.def Info: SLIP_noise_states-eps-converted-to.pdf used on input l
ine 104.
(pdftex.def)             Requested size: 455.30121pt x 113.8283pt.
Package epstopdf Info: Source file: <SLIP1_noassist_velocity.eps>
(epstopdf)                    date: 2018-11-14 20:12:14
(epstopdf)                    size: 172216 bytes
(epstopdf)             Output file: <SLIP1_noassist_velocity-eps-converted-to.p
df>
(epstopdf)                    date: 2018-11-18 15:36:50
(epstopdf)                    size: 36945 bytes
(epstopdf)             Command: <repstopdf --outfile=SLIP1_noassist_velocity-ep
s-converted-to.pdf SLIP1_noassist_velocity.eps>
(epstopdf)             \includegraphics on input line 112.
Package epstopdf Info: Output file is already uptodate.


pdfTeX warning: pdflatex (file ./SLIP1_noassist_velocity-eps-converted-to.pdf):
 PDF inclusion: found PDF version <1.7>, but at most version <1.5> allowed

<SLIP1_noassist_velocity-eps-converted-to.pdf, id=710, 998.73125pt x 251.94125p
t>
File: SLIP1_noassist_velocity-eps-converted-to.pdf Graphic file (type pdf)
 <use SLIP1_noassist_velocity-eps-converted-to.pdf>
Package pdftex.def Info: SLIP1_noassist_velocity-eps-converted-to.pdf used on i
nput line 112.
(pdftex.def)             Requested size: 455.30121pt x 114.85257pt.
Package epstopdf Info: Source file: <SLIP1_assist_velocity.eps>
(epstopdf)                    date: 2018-11-14 20:12:14
(epstopdf)                    size: 185315 bytes
(epstopdf)             Output file: <SLIP1_assist_velocity-eps-converted-to.pdf
>
(epstopdf)                    date: 2018-11-18 15:36:50
(epstopdf)                    size: 41934 bytes
(epstopdf)             Command: <repstopdf --outfile=SLIP1_assist_velocity-eps-
converted-to.pdf SLIP1_assist_velocity.eps>
(epstopdf)             \includegraphics on input line 113.
Package epstopdf Info: Output file is already uptodate.


pdfTeX warning: pdflatex (file ./SLIP1_assist_velocity-eps-converted-to.pdf): P
DF inclusion: found PDF version <1.7>, but at most version <1.5> allowed

<SLIP1_assist_velocity-eps-converted-to.pdf, id=711, 998.73125pt x 251.94125pt>
File: SLIP1_assist_velocity-eps-converted-to.pdf Graphic file (type pdf)
<use SLIP1_assist_velocity-eps-converted-to.pdf>
Package pdftex.def Info: SLIP1_assist_velocity-eps-converted-to.pdf used on inp
ut line 113.
(pdftex.def)             Requested size: 455.30121pt x 114.85257pt.
Package epstopdf Info: Source file: <SLIP2_noassist_velocity.eps>
(epstopdf)                    date: 2018-11-14 20:12:14
(epstopdf)                    size: 205218 bytes
(epstopdf)             Output file: <SLIP2_noassist_velocity-eps-converted-to.p
df>
(epstopdf)                    date: 2018-11-18 15:36:51
(epstopdf)                    size: 64736 bytes
(epstopdf)             Command: <repstopdf --outfile=SLIP2_noassist_velocity-ep
s-converted-to.pdf SLIP2_noassist_velocity.eps>
(epstopdf)             \includegraphics on input line 121.
Package epstopdf Info: Output file is already uptodate.


pdfTeX warning: pdflatex (file ./SLIP2_noassist_velocity-eps-converted-to.pdf):
 PDF inclusion: found PDF version <1.7>, but at most version <1.5> allowed

<SLIP2_noassist_velocity-eps-converted-to.pdf, id=712, 998.73125pt x 238.8925pt
>
File: SLIP2_noassist_velocity-eps-converted-to.pdf Graphic file (type pdf)
 <use SLIP2_noassist_velocity-eps-converted-to.pdf>
Package pdftex.def Info: SLIP2_noassist_velocity-eps-converted-to.pdf used on i
nput line 121.
(pdftex.def)             Requested size: 455.30121pt x 108.90402pt.
Package epstopdf Info: Source file: <SLIP2_assist_velocity.eps>
(epstopdf)                    date: 2018-11-14 20:12:14
(epstopdf)                    size: 204391 bytes
(epstopdf)             Output file: <SLIP2_assist_velocity-eps-converted-to.pdf
>
(epstopdf)                    date: 2018-11-18 15:36:51
(epstopdf)                    size: 65199 bytes
(epstopdf)             Command: <repstopdf --outfile=SLIP2_assist_velocity-eps-
converted-to.pdf SLIP2_assist_velocity.eps>
(epstopdf)             \includegraphics on input line 122.
Package epstopdf Info: Output file is already uptodate.


pdfTeX warning: pdflatex (file ./SLIP2_assist_velocity-eps-converted-to.pdf): P
DF inclusion: found PDF version <1.7>, but at most version <1.5> allowed

<SLIP2_assist_velocity-eps-converted-to.pdf, id=713, 998.73125pt x 238.8925pt>
File: SLIP2_assist_velocity-eps-converted-to.pdf Graphic file (type pdf)

<use SLIP2_assist_velocity-eps-converted-to.pdf>
Package pdftex.def Info: SLIP2_assist_velocity-eps-converted-to.pdf used on inp
ut line 122.
(pdftex.def)             Requested size: 455.30121pt x 108.90402pt.
 [34 <./SLIP_noise_states-eps-converted-to.pdf>]
Underfull \vbox (badness 1546) has occurred while \output is active []

 [35 <./SLIP1_noassist_velocity-eps-converted-to.pdf> <./SLIP1_assist_velocity-
eps-converted-to.pdf>]) [36 <./SLIP2_noassist_velocity-eps-converted-to.pdf> <.
/SLIP2_assist_velocity-eps-converted-to.pdf>]
Chapter 4
(./chap5_training.tex <training.pdf, id=769, 653.64201pt x 554.07pt>
File: training.pdf Graphic file (type pdf)

<use training.pdf>
Package pdftex.def Info: training.pdf used on input line 12.
(pdftex.def)             Requested size: 455.30121pt x 385.9441pt.


LaTeX Warning: `!h' float specifier changed to `!ht'.


Underfull \vbox (badness 1448) has occurred while \output is active []

 [37


]

LaTeX Warning: Text page 38 contains only floats.

[38 <./training.pdf>]
Underfull \vbox (badness 10000) has occurred while \output is active []

 [39]
Underfull \vbox (badness 10000) has occurred while \output is active []

 [40]
Package epstopdf Info: Source file: <tts_plateau.eps>
(epstopdf)                    date: 2018-11-28 11:26:32
(epstopdf)                    size: 48966 bytes
(epstopdf)             Output file: <tts_plateau-eps-converted-to.pdf>
(epstopdf)                    date: 2018-11-29 17:51:28
(epstopdf)                    size: 11478 bytes
(epstopdf)             Command: <repstopdf --outfile=tts_plateau-eps-converted-
to.pdf tts_plateau.eps>
(epstopdf)             \includegraphics on input line 38.
Package epstopdf Info: Output file is already uptodate.


pdfTeX warning: pdflatex (file ./tts_plateau-eps-converted-to.pdf): PDF inclusi
on: found PDF version <1.7>, but at most version <1.5> allowed
<tts_plateau-eps-converted-to.pdf, id=1916, 421.575pt x 316.18124pt>
File: tts_plateau-eps-converted-to.pdf Graphic file (type pdf)

<use tts_plateau-eps-converted-to.pdf>
Package pdftex.def Info: tts_plateau-eps-converted-to.pdf used on input line 38
.
(pdftex.def)             Requested size: 189.25436pt x 141.94252pt.
Package epstopdf Info: Source file: <err_plateau.eps>
(epstopdf)                    date: 2018-11-28 11:26:25
(epstopdf)                    size: 47987 bytes
(epstopdf)             Output file: <err_plateau-eps-converted-to.pdf>
(epstopdf)                    date: 2018-11-29 17:51:28
(epstopdf)                    size: 11126 bytes
(epstopdf)             Command: <repstopdf --outfile=err_plateau-eps-converted-
to.pdf err_plateau.eps>
(epstopdf)             \includegraphics on input line 40.
Package epstopdf Info: Output file is already uptodate.


pdfTeX warning: pdflatex (file ./err_plateau-eps-converted-to.pdf): PDF inclusi
on: found PDF version <1.7>, but at most version <1.5> allowed
<err_plateau-eps-converted-to.pdf, id=1917, 421.575pt x 316.18124pt>
File: err_plateau-eps-converted-to.pdf Graphic file (type pdf)

<use err_plateau-eps-converted-to.pdf>
Package pdftex.def Info: err_plateau-eps-converted-to.pdf used on input line 40
.
(pdftex.def)             Requested size: 200.38417pt x 150.28896pt.


LaTeX Warning: `!h' float specifier changed to `!ht'.


Underfull \vbox (badness 10000) has occurred while \output is active []

 [41]
[42 <./tts_plateau-eps-converted-to.pdf> <./err_plateau-eps-converted-to.pdf>]
Underfull \vbox (badness 1132) has occurred while \output is active []

 [43]

LaTeX Warning: `!h' float specifier changed to `!ht'.

Package epstopdf Info: Source file: <corr_plot_SKILLvsPAA.eps>
(epstopdf)                    date: 2018-11-29 17:52:56
(epstopdf)                    size: 57030 bytes
(epstopdf)             Output file: <corr_plot_SKILLvsPAA-eps-converted-to.pdf>

(epstopdf)                    date: 2018-11-29 17:53:23
(epstopdf)                    size: 34979 bytes
(epstopdf)             Command: <repstopdf --outfile=corr_plot_SKILLvsPAA-eps-c
onverted-to.pdf corr_plot_SKILLvsPAA.eps>
(epstopdf)             \includegraphics on input line 94.
Package epstopdf Info: Output file is already uptodate.


pdfTeX warning: pdflatex (file ./corr_plot_SKILLvsPAA-eps-converted-to.pdf): PD
F inclusion: found PDF version <1.7>, but at most version <1.5> allowed
<corr_plot_SKILLvsPAA-eps-converted-to.pdf, id=1948, 401.5pt x 285.065pt>
File: corr_plot_SKILLvsPAA-eps-converted-to.pdf Graphic file (type pdf)

<use corr_plot_SKILLvsPAA-eps-converted-to.pdf>
Package pdftex.def Info: corr_plot_SKILLvsPAA-eps-converted-to.pdf used on inpu
t line 94.
(pdftex.def)             Requested size: 364.24236pt x 258.63095pt.


LaTeX Warning: `!h' float specifier changed to `!ht'.


Underfull \vbox (badness 10000) has occurred while \output is active []

 [44]
[45]) [46 <./corr_plot_SKILLvsPAA-eps-converted-to.pdf>]
Chapter 5
(./chap6_conclusions.tex
Underfull \vbox (badness 10000) has occurred while \output is active []

 [47


])
[48] (./masters-thesis.bbl
References

Underfull \vbox (badness 10000) has occurred while \output is active []

 [49



]
Underfull \vbox (badness 10000) has occurred while \output is active []

 [50]
Underfull \vbox (badness 10000) has occurred while \output is active []

 [51]
Underfull \vbox (badness 10000) has occurred while \output is active []

 [52]
Underfull \vbox (badness 10000) has occurred while \output is active []

 [53]
Underfull \vbox (badness 10000) has occurred while \output is active []

 [54]
Underfull \vbox (badness 10000) has occurred while \output is active []

 [55])
Package atveryend Info: Empty hook `BeforeClearDocument' on input line 158.

[56]
Package atveryend Info: Empty hook `AfterLastShipout' on input line 158.
 (./masters-thesis.aux)
Package atveryend Info: Executing hook `AtVeryEndDocument' on input line 158.
Package atveryend Info: Executing hook `AtEndAfterFileList' on input line 158.
Package rerunfilecheck Info: File `masters-thesis.out' has not changed.
(rerunfilecheck)             Checksum: 5567309FBAF1B7DFAC00022E21A1109C;1268.
Package atveryend Info: Empty hook `AtVeryVeryEnd' on input line 158.
 ) 
Here is how much of TeX's memory you used:
 9479 strings out of 493029
 137807 string characters out of 6136233
 249130 words of memory out of 5000000
 12538 multiletter control sequences out of 15000+600000
 12529 words of font info for 48 fonts, out of 8000000 for 9000
 1302 hyphenation exceptions out of 8191
 40i,15n,39p,1325b,467s stack positions out of 5000i,500n,10000p,200000b,80000s
</usr/share/texlive/texmf-dist/fonts/type1/public/amsfonts/cm/cmbx12.pfb></us
r/share/texlive/texmf-dist/fonts/type1/public/amsfonts/cm/cmex10.pfb></usr/shar
e/texlive/texmf-dist/fonts/type1/public/amsfonts/cm/cmmi12.pfb></usr/share/texl
ive/texmf-dist/fonts/type1/public/amsfonts/cm/cmmi6.pfb></usr/share/texlive/tex
mf-dist/fonts/type1/public/amsfonts/cm/cmmi8.pfb></usr/share/texlive/texmf-dist
/fonts/type1/public/amsfonts/cm/cmr10.pfb></usr/share/texlive/texmf-dist/fonts/
type1/public/amsfonts/cm/cmr12.pfb></usr/share/texlive/texmf-dist/fonts/type1/p
ublic/amsfonts/cm/cmr6.pfb></usr/share/texlive/texmf-dist/fonts/type1/public/am
sfonts/cm/cmr8.pfb></usr/share/texlive/texmf-dist/fonts/type1/public/amsfonts/c
m/cmsy10.pfb></usr/share/texlive/texmf-dist/fonts/type1/public/amsfonts/cm/cmsy
8.pfb></usr/share/texlive/texmf-dist/fonts/type1/public/amsfonts/cm/cmti12.pfb>

Output written on masters-thesis.pdf (56 pages, 1728128 bytes).
PDF statistics:
 2096 PDF objects out of 2487 (max. 8388607)
 1535 compressed objects within 16 object streams
 160 named destinations out of 1000 (max. 500000)
 258 words of extra memory for PDF output out of 10000 (max. 10000000)

